<?xml version="1.0" encoding="UTF-8"?>
<testsuite name="FizzbuzzTest" tests="1" skipped="0" failures="0" errors="0" timestamp="2023-12-06T05:54:58" hostname="FABIANX570GXR37" time="0.01">
  <properties/>
  <testcase name="Fizzbuzz real test" classname="FizzbuzzTest" time="0.01"/>
  <system-out><![CDATA[]]></system-out>
  <system-err><![CDATA[]]></system-err>
</testsuite>
